[2022-07-18 19:27:37,783] {manager.py:480} INFO - Processing files using up to 2 processes at a time 
[2022-07-18 19:27:37,783] {manager.py:481} INFO - Process each file at most once every 30 seconds
[2022-07-18 19:27:37,783] {manager.py:483} INFO - Checking for new files in /opt/airflow/dags every 300 seconds
[2022-07-18 19:27:37,783] {manager.py:690} INFO - Searching for files in /opt/airflow/dags
[2022-07-18 19:27:37,788] {manager.py:693} INFO - There are 3 files in /opt/airflow/dags
[2022-07-18 19:27:37,995] {manager.py:809} INFO - 
================================================================================
DAG File Processing Stats

File Path                              PID  Runtime      # DAGs    # Errors  Last Runtime    Last Run
-----------------------------------  -----  ---------  --------  ----------  --------------  ----------
/opt/airflow/dags/weather_dag.py                              0           0
/opt/airflow/dags/taxis_trip_dag.py     47  0.02s             0           0
/opt/airflow/dags/schema_dag.py         48  0.01s             0           0
================================================================================
[2022-07-18 19:28:08,061] {manager.py:809} INFO - 
================================================================================
DAG File Processing Stats

File Path                            PID    Runtime      # DAGs    # Errors  Last Runtime    Last Run
-----------------------------------  -----  ---------  --------  ----------  --------------  -------------------
/opt/airflow/dags/weather_dag.py                              1           0  0.86s           2022-07-18T19:27:40
/opt/airflow/dags/taxis_trip_dag.py                           1           0  2.16s           2022-07-18T19:27:40
/opt/airflow/dags/schema_dag.py                               1           0  2.21s           2022-07-18T19:27:40
================================================================================
[2022-07-18 19:28:38,224] {manager.py:809} INFO - 
================================================================================
DAG File Processing Stats

File Path                            PID    Runtime      # DAGs    # Errors  Last Runtime    Last Run
-----------------------------------  -----  ---------  --------  ----------  --------------  -------------------
/opt/airflow/dags/weather_dag.py                              1           0  0.43s           2022-07-18T19:28:12
/opt/airflow/dags/taxis_trip_dag.py                           1           0  0.49s           2022-07-18T19:28:10
/opt/airflow/dags/schema_dag.py                               1           0  0.48s           2022-07-18T19:28:10
================================================================================
[2022-07-18 19:29:08,303] {manager.py:809} INFO - 
================================================================================
DAG File Processing Stats

File Path                            PID    Runtime      # DAGs    # Errors  Last Runtime    Last Run
-----------------------------------  -----  ---------  --------  ----------  --------------  -------------------
/opt/airflow/dags/weather_dag.py                              1           0  0.32s           2022-07-18T19:28:43
/opt/airflow/dags/taxis_trip_dag.py                           1           0  1.09s           2022-07-18T19:28:41
/opt/airflow/dags/schema_dag.py                               1           0  1.11s           2022-07-18T19:28:41
================================================================================
[2022-07-18 19:29:38,791] {manager.py:809} INFO - 
================================================================================
DAG File Processing Stats

File Path                            PID    Runtime      # DAGs    # Errors  Last Runtime    Last Run
-----------------------------------  -----  ---------  --------  ----------  --------------  -------------------
/opt/airflow/dags/weather_dag.py                              1           0  0.80s           2022-07-18T19:29:14
/opt/airflow/dags/taxis_trip_dag.py                           1           0  0.96s           2022-07-18T19:29:12
/opt/airflow/dags/schema_dag.py                               1           0  0.91s           2022-07-18T19:29:12
================================================================================
[2022-07-18 19:30:09,090] {manager.py:809} INFO - 
================================================================================
DAG File Processing Stats

File Path                            PID    Runtime      # DAGs    # Errors  Last Runtime    Last Run
-----------------------------------  -----  ---------  --------  ----------  --------------  -------------------
/opt/airflow/dags/weather_dag.py                              1           0  0.43s           2022-07-18T19:29:45
/opt/airflow/dags/taxis_trip_dag.py                           1           0  0.56s           2022-07-18T19:29:43
/opt/airflow/dags/schema_dag.py                               1           0  0.55s           2022-07-18T19:29:43
================================================================================
[2022-07-18 19:30:39,482] {manager.py:809} INFO - 
================================================================================
DAG File Processing Stats

File Path                            PID    Runtime      # DAGs    # Errors  Last Runtime    Last Run
-----------------------------------  -----  ---------  --------  ----------  --------------  -------------------
/opt/airflow/dags/weather_dag.py                              1           0  0.33s           2022-07-18T19:30:16
/opt/airflow/dags/taxis_trip_dag.py                           1           0  0.33s           2022-07-18T19:30:14
/opt/airflow/dags/schema_dag.py                               1           0  0.33s           2022-07-18T19:30:14
================================================================================
[2022-07-18 19:31:09,959] {manager.py:809} INFO - 
================================================================================
DAG File Processing Stats

File Path                            PID    Runtime      # DAGs    # Errors  Last Runtime    Last Run
-----------------------------------  -----  ---------  --------  ----------  --------------  -------------------
/opt/airflow/dags/weather_dag.py                              1           0  0.27s           2022-07-18T19:30:47
/opt/airflow/dags/taxis_trip_dag.py                           1           0  0.41s           2022-07-18T19:30:44
/opt/airflow/dags/schema_dag.py                               1           0  0.41s           2022-07-18T19:30:44
================================================================================
[2022-07-18 19:31:40,457] {manager.py:809} INFO - 
================================================================================
DAG File Processing Stats

File Path                            PID    Runtime      # DAGs    # Errors  Last Runtime    Last Run
-----------------------------------  -----  ---------  --------  ----------  --------------  -------------------
/opt/airflow/dags/weather_dag.py                              1           0  0.32s           2022-07-18T19:31:17
/opt/airflow/dags/taxis_trip_dag.py                           1           0  0.42s           2022-07-18T19:31:15
/opt/airflow/dags/schema_dag.py                               1           0  0.42s           2022-07-18T19:31:15
================================================================================
[2022-07-18 19:32:10,948] {manager.py:809} INFO - 
================================================================================
DAG File Processing Stats

File Path                            PID    Runtime      # DAGs    # Errors  Last Runtime    Last Run
-----------------------------------  -----  ---------  --------  ----------  --------------  -------------------
/opt/airflow/dags/weather_dag.py                              1           0  0.37s           2022-07-18T19:31:48
/opt/airflow/dags/taxis_trip_dag.py                           1           0  0.43s           2022-07-18T19:31:45
/opt/airflow/dags/schema_dag.py                               1           0  0.42s           2022-07-18T19:31:45
================================================================================
[2022-07-18 19:32:38,158] {manager.py:690} INFO - Searching for files in /opt/airflow/dags
[2022-07-18 19:32:38,165] {manager.py:693} INFO - There are 3 files in /opt/airflow/dags
[2022-07-18 19:32:41,181] {manager.py:809} INFO - 
================================================================================
DAG File Processing Stats

File Path                            PID    Runtime      # DAGs    # Errors  Last Runtime    Last Run
-----------------------------------  -----  ---------  --------  ----------  --------------  -------------------
/opt/airflow/dags/weather_dag.py                              1           0  0.62s           2022-07-18T19:32:19
/opt/airflow/dags/taxis_trip_dag.py                           1           0  0.54s           2022-07-18T19:32:16
/opt/airflow/dags/schema_dag.py                               1           0  0.52s           2022-07-18T19:32:16
================================================================================
[2022-07-18 19:33:11,579] {manager.py:809} INFO - 
================================================================================
DAG File Processing Stats

File Path                            PID    Runtime      # DAGs    # Errors  Last Runtime    Last Run
-----------------------------------  -----  ---------  --------  ----------  --------------  -------------------
/opt/airflow/dags/weather_dag.py                              1           0  0.44s           2022-07-18T19:32:50
/opt/airflow/dags/taxis_trip_dag.py                           1           0  0.54s           2022-07-18T19:32:47
/opt/airflow/dags/schema_dag.py                               1           0  0.53s           2022-07-18T19:32:47
================================================================================
[2022-07-18 19:33:41,804] {manager.py:809} INFO - 
================================================================================
DAG File Processing Stats

File Path                            PID    Runtime      # DAGs    # Errors  Last Runtime    Last Run
-----------------------------------  -----  ---------  --------  ----------  --------------  -------------------
/opt/airflow/dags/weather_dag.py                              1           0  0.49s           2022-07-18T19:33:21
/opt/airflow/dags/taxis_trip_dag.py                           1           0  0.58s           2022-07-18T19:33:17
/opt/airflow/dags/schema_dag.py                               1           0  0.57s           2022-07-18T19:33:17
================================================================================
[2022-07-18 19:34:11,833] {manager.py:809} INFO - 
================================================================================
DAG File Processing Stats

File Path                            PID    Runtime      # DAGs    # Errors  Last Runtime    Last Run
-----------------------------------  -----  ---------  --------  ----------  --------------  -------------------
/opt/airflow/dags/weather_dag.py                              1           0  0.54s           2022-07-18T19:33:51
/opt/airflow/dags/taxis_trip_dag.py                           1           0  0.44s           2022-07-18T19:33:48
/opt/airflow/dags/schema_dag.py                               1           0  0.43s           2022-07-18T19:33:48
================================================================================
[2022-07-18 19:34:42,376] {manager.py:809} INFO - 
================================================================================
DAG File Processing Stats

File Path                            PID    Runtime      # DAGs    # Errors  Last Runtime    Last Run
-----------------------------------  -----  ---------  --------  ----------  --------------  -------------------
/opt/airflow/dags/weather_dag.py                              1           0  0.32s           2022-07-18T19:34:22
/opt/airflow/dags/taxis_trip_dag.py                           1           0  0.40s           2022-07-18T19:34:18
/opt/airflow/dags/schema_dag.py                               1           0  0.40s           2022-07-18T19:34:18
================================================================================
[2022-07-18 19:35:13,048] {manager.py:809} INFO - 
================================================================================
DAG File Processing Stats

File Path                            PID    Runtime      # DAGs    # Errors  Last Runtime    Last Run
-----------------------------------  -----  ---------  --------  ----------  --------------  -------------------
/opt/airflow/dags/weather_dag.py                              1           0  0.39s           2022-07-18T19:34:53
/opt/airflow/dags/taxis_trip_dag.py                           1           0  0.61s           2022-07-18T19:34:49
/opt/airflow/dags/schema_dag.py                               1           0  0.60s           2022-07-18T19:34:49
================================================================================
[2022-07-18 19:35:43,110] {manager.py:809} INFO - 
================================================================================
DAG File Processing Stats

File Path                            PID    Runtime      # DAGs    # Errors  Last Runtime    Last Run
-----------------------------------  -----  ---------  --------  ----------  --------------  -------------------
/opt/airflow/dags/weather_dag.py                              1           0  0.35s           2022-07-18T19:35:24
/opt/airflow/dags/taxis_trip_dag.py                           1           0  0.98s           2022-07-18T19:35:21
/opt/airflow/dags/schema_dag.py                               1           0  0.97s           2022-07-18T19:35:21
================================================================================
[2022-07-18 19:36:13,122] {manager.py:809} INFO - 
================================================================================
DAG File Processing Stats

File Path                            PID    Runtime      # DAGs    # Errors  Last Runtime    Last Run
-----------------------------------  -----  ---------  --------  ----------  --------------  -------------------
/opt/airflow/dags/weather_dag.py                              1           0  0.37s           2022-07-18T19:35:54
/opt/airflow/dags/taxis_trip_dag.py                           1           0  1.41s           2022-07-18T19:35:52
/opt/airflow/dags/schema_dag.py                               1           0  1.40s           2022-07-18T19:35:52
================================================================================
[2022-07-18 19:36:48,129] {manager.py:809} INFO - 
================================================================================
DAG File Processing Stats

File Path                            PID    Runtime      # DAGs    # Errors  Last Runtime    Last Run
-----------------------------------  -----  ---------  --------  ----------  --------------  -------------------
/opt/airflow/dags/weather_dag.py                              1           0  1.93s           2022-07-18T19:36:28
/opt/airflow/dags/taxis_trip_dag.py                           1           0  4.07s           2022-07-18T19:36:26
/opt/airflow/dags/schema_dag.py                               1           0  4.00s           2022-07-18T19:36:26
================================================================================
[2022-07-18 19:37:20,632] {manager.py:809} INFO - 
================================================================================
DAG File Processing Stats

File Path                              PID  Runtime      # DAGs    # Errors  Last Runtime    Last Run
-----------------------------------  -----  ---------  --------  ----------  --------------  -------------------
/opt/airflow/dags/weather_dag.py                              1           0  1.93s           2022-07-18T19:36:28
/opt/airflow/dags/taxis_trip_dag.py    572  17.60s            1           0  4.07s           2022-07-18T19:36:26
/opt/airflow/dags/schema_dag.py        573  17.55s            1           0  4.00s           2022-07-18T19:36:26
================================================================================
[2022-07-18 19:37:38,729] {manager.py:690} INFO - Searching for files in /opt/airflow/dags
[2022-07-18 19:38:06,707] {manager.py:693} INFO - There are 3 files in /opt/airflow/dags
[2022-07-18 19:38:42,749] {manager.py:1082} ERROR - Processor for /opt/airflow/dags/taxis_trip_dag.py with PID 572 started at 2022-07-18T19:37:02.849877+00:00 has timed out, killing it.
[2022-07-18 19:38:42,847] {manager.py:1082} ERROR - Processor for /opt/airflow/dags/schema_dag.py with PID 573 started at 2022-07-18T19:37:02.900712+00:00 has timed out, killing it.
[2022-07-18 19:38:42,901] {manager.py:809} INFO - 
================================================================================
DAG File Processing Stats

File Path                              PID  Runtime      # DAGs    # Errors  Last Runtime    Last Run
-----------------------------------  -----  ---------  --------  ----------  --------------  -------------------
/opt/airflow/dags/weather_dag.py       574  0.02s             1           0  1.93s           2022-07-18T19:36:28
/opt/airflow/dags/taxis_trip_dag.py                           1           0  4.07s           2022-07-18T19:36:26
/opt/airflow/dags/schema_dag.py                               1           0  4.00s           2022-07-18T19:36:26
================================================================================
[2022-07-18 19:39:13,220] {manager.py:809} INFO - 
================================================================================
DAG File Processing Stats

File Path                            PID    Runtime      # DAGs    # Errors  Last Runtime    Last Run
-----------------------------------  -----  ---------  --------  ----------  --------------  -------------------
/opt/airflow/dags/weather_dag.py                              1           0  3.04s           2022-07-18T19:38:45
/opt/airflow/dags/taxis_trip_dag.py                           1           0  2.95s           2022-07-18T19:38:45
/opt/airflow/dags/schema_dag.py                               1           0  1.11s           2022-07-18T19:38:47
================================================================================
[2022-07-18 19:39:44,235] {manager.py:809} INFO - 
================================================================================
DAG File Processing Stats

File Path                            PID    Runtime      # DAGs    # Errors  Last Runtime    Last Run
-----------------------------------  -----  ---------  --------  ----------  --------------  -------------------
/opt/airflow/dags/weather_dag.py                              1           0  1.27s           2022-07-18T19:39:18
/opt/airflow/dags/taxis_trip_dag.py                           1           0  1.30s           2022-07-18T19:39:18
/opt/airflow/dags/schema_dag.py                               1           0  0.45s           2022-07-18T19:39:18
================================================================================
[2022-07-18 19:40:14,260] {manager.py:809} INFO - 
================================================================================
DAG File Processing Stats

File Path                            PID    Runtime      # DAGs    # Errors  Last Runtime    Last Run
-----------------------------------  -----  ---------  --------  ----------  --------------  -------------------
/opt/airflow/dags/weather_dag.py                              1           0  0.91s           2022-07-18T19:39:49
/opt/airflow/dags/taxis_trip_dag.py                           1           0  0.96s           2022-07-18T19:39:49
/opt/airflow/dags/schema_dag.py                               1           0  0.37s           2022-07-18T19:39:49
================================================================================
[2022-07-18 19:40:44,874] {manager.py:809} INFO - 
================================================================================
DAG File Processing Stats

File Path                            PID    Runtime      # DAGs    # Errors  Last Runtime    Last Run
-----------------------------------  -----  ---------  --------  ----------  --------------  -------------------
/opt/airflow/dags/weather_dag.py                              1           0  0.52s           2022-07-18T19:40:19
/opt/airflow/dags/taxis_trip_dag.py                           1           0  0.53s           2022-07-18T19:40:19
/opt/airflow/dags/schema_dag.py                               1           0  0.41s           2022-07-18T19:40:20
================================================================================
[2022-07-18 19:41:15,403] {manager.py:809} INFO - 
================================================================================
DAG File Processing Stats

File Path                            PID    Runtime      # DAGs    # Errors  Last Runtime    Last Run
-----------------------------------  -----  ---------  --------  ----------  --------------  -------------------
/opt/airflow/dags/weather_dag.py                              1           0  1.44s           2022-07-18T19:40:51
/opt/airflow/dags/taxis_trip_dag.py                           1           0  1.47s           2022-07-18T19:40:51
/opt/airflow/dags/schema_dag.py                               1           0  0.47s           2022-07-18T19:40:51
================================================================================
[2022-07-18 19:41:45,773] {manager.py:809} INFO - 
================================================================================
DAG File Processing Stats

File Path                            PID    Runtime      # DAGs    # Errors  Last Runtime    Last Run
-----------------------------------  -----  ---------  --------  ----------  --------------  -------------------
/opt/airflow/dags/weather_dag.py                              1           0  0.80s           2022-07-18T19:41:22
/opt/airflow/dags/taxis_trip_dag.py                           1           0  0.80s           2022-07-18T19:41:22
/opt/airflow/dags/schema_dag.py                               1           0  0.49s           2022-07-18T19:41:22
================================================================================
[2022-07-18 19:42:16,307] {manager.py:809} INFO - 
================================================================================
DAG File Processing Stats

File Path                            PID    Runtime      # DAGs    # Errors  Last Runtime    Last Run
-----------------------------------  -----  ---------  --------  ----------  --------------  -------------------
/opt/airflow/dags/weather_dag.py                              1           0  0.95s           2022-07-18T19:41:53
/opt/airflow/dags/taxis_trip_dag.py                           1           0  0.95s           2022-07-18T19:41:53
/opt/airflow/dags/schema_dag.py                               1           0  0.40s           2022-07-18T19:41:53
================================================================================
[2022-07-18 19:42:39,054] {manager.py:690} INFO - Searching for files in /opt/airflow/dags
[2022-07-18 19:42:39,065] {manager.py:693} INFO - There are 3 files in /opt/airflow/dags
[2022-07-18 19:42:46,474] {manager.py:809} INFO - 
================================================================================
DAG File Processing Stats

File Path                            PID    Runtime      # DAGs    # Errors  Last Runtime    Last Run
-----------------------------------  -----  ---------  --------  ----------  --------------  -------------------
/opt/airflow/dags/weather_dag.py                              1           0  0.69s           2022-07-18T19:42:24
/opt/airflow/dags/taxis_trip_dag.py                           1           0  0.69s           2022-07-18T19:42:24
/opt/airflow/dags/schema_dag.py                               1           0  0.40s           2022-07-18T19:42:24
================================================================================
[2022-07-18 19:43:16,809] {manager.py:809} INFO - 
================================================================================
DAG File Processing Stats

File Path                            PID    Runtime      # DAGs    # Errors  Last Runtime    Last Run
-----------------------------------  -----  ---------  --------  ----------  --------------  -------------------
/opt/airflow/dags/weather_dag.py                              1           0  0.63s           2022-07-18T19:42:54
/opt/airflow/dags/taxis_trip_dag.py                           1           0  0.64s           2022-07-18T19:42:54
/opt/airflow/dags/schema_dag.py                               1           0  0.33s           2022-07-18T19:42:55
================================================================================
[2022-07-18 19:43:47,074] {manager.py:809} INFO - 
================================================================================
DAG File Processing Stats

File Path                            PID    Runtime      # DAGs    # Errors  Last Runtime    Last Run
-----------------------------------  -----  ---------  --------  ----------  --------------  -------------------
/opt/airflow/dags/weather_dag.py                              1           0  0.78s           2022-07-18T19:43:25
/opt/airflow/dags/taxis_trip_dag.py                           1           0  0.79s           2022-07-18T19:43:25
/opt/airflow/dags/schema_dag.py                               1           0  0.42s           2022-07-18T19:43:26
================================================================================
[2022-07-18 19:44:17,569] {manager.py:809} INFO - 
================================================================================
DAG File Processing Stats

File Path                            PID    Runtime      # DAGs    # Errors  Last Runtime    Last Run
-----------------------------------  -----  ---------  --------  ----------  --------------  -------------------
/opt/airflow/dags/weather_dag.py                              1           0  0.84s           2022-07-18T19:43:56
/opt/airflow/dags/taxis_trip_dag.py                           1           0  0.85s           2022-07-18T19:43:56
/opt/airflow/dags/schema_dag.py                               1           0  0.43s           2022-07-18T19:43:56
================================================================================
[2022-07-18 19:44:47,773] {manager.py:809} INFO - 
================================================================================
DAG File Processing Stats

File Path                            PID    Runtime      # DAGs    # Errors  Last Runtime    Last Run
-----------------------------------  -----  ---------  --------  ----------  --------------  -------------------
/opt/airflow/dags/weather_dag.py                              1           0  0.68s           2022-07-18T19:44:27
/opt/airflow/dags/taxis_trip_dag.py                           1           0  0.70s           2022-07-18T19:44:27
/opt/airflow/dags/schema_dag.py                               1           0  0.46s           2022-07-18T19:44:27
================================================================================
[2022-07-18 19:45:18,194] {manager.py:809} INFO - 
================================================================================
DAG File Processing Stats

File Path                            PID    Runtime      # DAGs    # Errors  Last Runtime    Last Run
-----------------------------------  -----  ---------  --------  ----------  --------------  -------------------
/opt/airflow/dags/weather_dag.py                              1           0  0.81s           2022-07-18T19:44:58
/opt/airflow/dags/taxis_trip_dag.py                           1           0  0.80s           2022-07-18T19:44:58
/opt/airflow/dags/schema_dag.py                               1           0  0.45s           2022-07-18T19:44:58
================================================================================
[2022-07-18 19:45:48,398] {manager.py:809} INFO - 
================================================================================
DAG File Processing Stats

File Path                            PID    Runtime      # DAGs    # Errors  Last Runtime    Last Run
-----------------------------------  -----  ---------  --------  ----------  --------------  -------------------
/opt/airflow/dags/weather_dag.py                              1           0  0.69s           2022-07-18T19:45:28
/opt/airflow/dags/taxis_trip_dag.py                           1           0  0.70s           2022-07-18T19:45:28
/opt/airflow/dags/schema_dag.py                               1           0  0.44s           2022-07-18T19:45:29
================================================================================
[2022-07-18 19:46:18,882] {manager.py:809} INFO - 
================================================================================
DAG File Processing Stats

File Path                            PID    Runtime      # DAGs    # Errors  Last Runtime    Last Run
-----------------------------------  -----  ---------  --------  ----------  --------------  -------------------
/opt/airflow/dags/weather_dag.py                              1           0  0.86s           2022-07-18T19:45:59
/opt/airflow/dags/taxis_trip_dag.py                           1           0  0.86s           2022-07-18T19:45:59
/opt/airflow/dags/schema_dag.py                               1           0  0.45s           2022-07-18T19:46:00
================================================================================
[2022-07-18 19:46:49,308] {manager.py:809} INFO - 
================================================================================
DAG File Processing Stats

File Path                            PID    Runtime      # DAGs    # Errors  Last Runtime    Last Run
-----------------------------------  -----  ---------  --------  ----------  --------------  -------------------
/opt/airflow/dags/weather_dag.py                              1           0  0.80s           2022-07-18T19:46:30
/opt/airflow/dags/taxis_trip_dag.py                           1           0  0.80s           2022-07-18T19:46:30
/opt/airflow/dags/schema_dag.py                               1           0  0.55s           2022-07-18T19:46:31
================================================================================
[2022-07-18 19:47:19,980] {manager.py:809} INFO - 
================================================================================
DAG File Processing Stats

File Path                            PID    Runtime      # DAGs    # Errors  Last Runtime    Last Run
-----------------------------------  -----  ---------  --------  ----------  --------------  -------------------
/opt/airflow/dags/weather_dag.py                              1           0  1.13s           2022-07-18T19:47:01
/opt/airflow/dags/taxis_trip_dag.py                           1           0  1.15s           2022-07-18T19:47:01
/opt/airflow/dags/schema_dag.py                               1           0  1.17s           2022-07-18T19:47:03
================================================================================
[2022-07-18 19:47:39,704] {manager.py:690} INFO - Searching for files in /opt/airflow/dags
[2022-07-18 19:47:39,716] {manager.py:693} INFO - There are 3 files in /opt/airflow/dags
[2022-07-18 19:47:50,801] {manager.py:809} INFO - 
================================================================================
DAG File Processing Stats

File Path                            PID    Runtime      # DAGs    # Errors  Last Runtime    Last Run
-----------------------------------  -----  ---------  --------  ----------  --------------  -------------------
/opt/airflow/dags/weather_dag.py                              1           0  0.85s           2022-07-18T19:47:32
/opt/airflow/dags/taxis_trip_dag.py                           1           0  1.13s           2022-07-18T19:47:40
/opt/airflow/dags/schema_dag.py                               1           0  0.53s           2022-07-18T19:47:33
================================================================================
[2022-07-18 19:48:20,963] {manager.py:809} INFO - 
================================================================================
DAG File Processing Stats

File Path                            PID    Runtime      # DAGs    # Errors  Last Runtime    Last Run
-----------------------------------  -----  ---------  --------  ----------  --------------  -------------------
/opt/airflow/dags/weather_dag.py                              1           0  0.81s           2022-07-18T19:48:03
/opt/airflow/dags/taxis_trip_dag.py                           1           0  1.29s           2022-07-18T19:48:12
/opt/airflow/dags/schema_dag.py                               1           0  0.67s           2022-07-18T19:48:04
================================================================================
[2022-07-18 19:48:51,670] {manager.py:809} INFO - 
================================================================================
DAG File Processing Stats

File Path                              PID  Runtime      # DAGs    # Errors  Last Runtime    Last Run
-----------------------------------  -----  ---------  --------  ----------  --------------  -------------------
/opt/airflow/dags/weather_dag.py      1140  0.00s             1           0  1.12s           2022-07-18T19:48:50
/opt/airflow/dags/taxis_trip_dag.py                           1           0  0.68s           2022-07-18T19:48:42
/opt/airflow/dags/schema_dag.py                               1           0  1.56s           2022-07-18T19:48:36
================================================================================
[2022-07-18 19:49:21,809] {manager.py:809} INFO - 
================================================================================
DAG File Processing Stats

File Path                            PID    Runtime      # DAGs    # Errors  Last Runtime    Last Run
-----------------------------------  -----  ---------  --------  ----------  --------------  -------------------
/opt/airflow/dags/weather_dag.py                              1           0  0.54s           2022-07-18T19:48:52
/opt/airflow/dags/taxis_trip_dag.py                           1           0  0.92s           2022-07-18T19:49:14
/opt/airflow/dags/schema_dag.py                               1           0  1.00s           2022-07-18T19:49:07
================================================================================
[2022-07-18 19:49:52,316] {manager.py:809} INFO - 
================================================================================
DAG File Processing Stats

File Path                            PID    Runtime      # DAGs    # Errors  Last Runtime    Last Run
-----------------------------------  -----  ---------  --------  ----------  --------------  -------------------
/opt/airflow/dags/weather_dag.py                              1           0  0.87s           2022-07-18T19:49:23
/opt/airflow/dags/taxis_trip_dag.py                           1           0  1.30s           2022-07-18T19:49:45
/opt/airflow/dags/schema_dag.py                               1           0  1.40s           2022-07-18T19:49:39
================================================================================
[2022-07-18 19:50:22,470] {manager.py:809} INFO - 
================================================================================
DAG File Processing Stats

File Path                            PID    Runtime      # DAGs    # Errors  Last Runtime    Last Run
-----------------------------------  -----  ---------  --------  ----------  --------------  -------------------
/opt/airflow/dags/weather_dag.py                              1           0  0.88s           2022-07-18T19:49:55
/opt/airflow/dags/taxis_trip_dag.py                           1           0  1.84s           2022-07-18T19:50:17
/opt/airflow/dags/schema_dag.py                               1           0  0.53s           2022-07-18T19:50:10
================================================================================
[2022-07-18 19:50:52,534] {manager.py:809} INFO - 
================================================================================
DAG File Processing Stats

File Path                            PID    Runtime      # DAGs    # Errors  Last Runtime    Last Run
-----------------------------------  -----  ---------  --------  ----------  --------------  -------------------
/opt/airflow/dags/weather_dag.py                              1           0  0.37s           2022-07-18T19:50:25
/opt/airflow/dags/taxis_trip_dag.py                           1           0  0.84s           2022-07-18T19:50:48
/opt/airflow/dags/schema_dag.py                               1           0  0.81s           2022-07-18T19:50:41
================================================================================
[2022-07-18 19:51:22,970] {manager.py:809} INFO - 
================================================================================
DAG File Processing Stats

File Path                            PID    Runtime      # DAGs    # Errors  Last Runtime    Last Run
-----------------------------------  -----  ---------  --------  ----------  --------------  -------------------
/opt/airflow/dags/weather_dag.py                              1           0  0.51s           2022-07-18T19:50:56
/opt/airflow/dags/taxis_trip_dag.py                           1           0  0.43s           2022-07-18T19:51:19
/opt/airflow/dags/schema_dag.py                               1           0  0.45s           2022-07-18T19:51:12
================================================================================
[2022-07-18 19:51:53,065] {manager.py:809} INFO - 
================================================================================
DAG File Processing Stats

File Path                            PID    Runtime      # DAGs    # Errors  Last Runtime    Last Run
-----------------------------------  -----  ---------  --------  ----------  --------------  -------------------
/opt/airflow/dags/weather_dag.py                              1           0  0.38s           2022-07-18T19:51:27
/opt/airflow/dags/taxis_trip_dag.py                           1           0  0.65s           2022-07-18T19:51:50
/opt/airflow/dags/schema_dag.py                               1           0  0.59s           2022-07-18T19:51:43
================================================================================
[2022-07-18 19:52:23,435] {manager.py:809} INFO - 
================================================================================
DAG File Processing Stats

File Path                            PID    Runtime      # DAGs    # Errors  Last Runtime    Last Run
-----------------------------------  -----  ---------  --------  ----------  --------------  -------------------
/opt/airflow/dags/weather_dag.py                              1           0  0.42s           2022-07-18T19:51:58
/opt/airflow/dags/taxis_trip_dag.py                           1           0  0.56s           2022-07-18T19:52:20
/opt/airflow/dags/schema_dag.py                               1           0  0.73s           2022-07-18T19:52:14
================================================================================
[2022-07-18 19:52:39,946] {manager.py:690} INFO - Searching for files in /opt/airflow/dags
[2022-07-18 19:52:39,955] {manager.py:693} INFO - There are 3 files in /opt/airflow/dags
[2022-07-18 19:52:53,823] {manager.py:809} INFO - 
================================================================================
DAG File Processing Stats

File Path                            PID    Runtime      # DAGs    # Errors  Last Runtime    Last Run
-----------------------------------  -----  ---------  --------  ----------  --------------  -------------------
/opt/airflow/dags/weather_dag.py                              1           0  0.48s           2022-07-18T19:52:28
/opt/airflow/dags/taxis_trip_dag.py                           1           0  0.82s           2022-07-18T19:52:51
/opt/airflow/dags/schema_dag.py                               1           0  0.51s           2022-07-18T19:52:45
================================================================================
[2022-07-18 19:53:24,302] {manager.py:809} INFO - 
================================================================================
DAG File Processing Stats

File Path                            PID    Runtime      # DAGs    # Errors  Last Runtime    Last Run
-----------------------------------  -----  ---------  --------  ----------  --------------  -------------------
/opt/airflow/dags/weather_dag.py                              1           0  0.55s           2022-07-18T19:52:59
/opt/airflow/dags/taxis_trip_dag.py                           1           0  0.49s           2022-07-18T19:53:22
/opt/airflow/dags/schema_dag.py                               1           0  0.53s           2022-07-18T19:53:15
================================================================================
[2022-07-18 19:53:54,355] {manager.py:809} INFO - 
================================================================================
DAG File Processing Stats

File Path                            PID    Runtime      # DAGs    # Errors  Last Runtime    Last Run
-----------------------------------  -----  ---------  --------  ----------  --------------  -------------------
/opt/airflow/dags/weather_dag.py                              1           0  0.40s           2022-07-18T19:53:30
/opt/airflow/dags/taxis_trip_dag.py                           1           0  0.57s           2022-07-18T19:53:53
/opt/airflow/dags/schema_dag.py                               1           0  0.52s           2022-07-18T19:53:46
================================================================================
[2022-07-18 19:54:24,537] {manager.py:809} INFO - 
================================================================================
DAG File Processing Stats

File Path                            PID    Runtime      # DAGs    # Errors  Last Runtime    Last Run
-----------------------------------  -----  ---------  --------  ----------  --------------  -------------------
/opt/airflow/dags/weather_dag.py                              1           0  0.45s           2022-07-18T19:54:01
/opt/airflow/dags/taxis_trip_dag.py                           1           0  0.48s           2022-07-18T19:54:23
/opt/airflow/dags/schema_dag.py                               1           0  0.58s           2022-07-18T19:54:17
================================================================================
[2022-07-18 19:54:54,727] {manager.py:809} INFO - 
================================================================================
DAG File Processing Stats

File Path                            PID    Runtime      # DAGs    # Errors  Last Runtime    Last Run
-----------------------------------  -----  ---------  --------  ----------  --------------  -------------------
/opt/airflow/dags/weather_dag.py                              1           0  0.65s           2022-07-18T19:54:32
/opt/airflow/dags/taxis_trip_dag.py                           1           0  0.48s           2022-07-18T19:54:54
/opt/airflow/dags/schema_dag.py                               1           0  0.48s           2022-07-18T19:54:48
================================================================================
[2022-07-18 19:55:24,954] {manager.py:809} INFO - 
================================================================================
DAG File Processing Stats

File Path                              PID  Runtime      # DAGs    # Errors  Last Runtime    Last Run
-----------------------------------  -----  ---------  --------  ----------  --------------  -------------------
/opt/airflow/dags/weather_dag.py                              1           0  0.45s           2022-07-18T19:55:02
/opt/airflow/dags/taxis_trip_dag.py   1517  0.01s             1           0  0.48s           2022-07-18T19:54:54
/opt/airflow/dags/schema_dag.py                               1           0  0.54s           2022-07-18T19:55:19
================================================================================
[2022-07-18 19:55:55,056] {manager.py:809} INFO - 
================================================================================
DAG File Processing Stats

File Path                            PID    Runtime      # DAGs    # Errors  Last Runtime    Last Run
-----------------------------------  -----  ---------  --------  ----------  --------------  -------------------
/opt/airflow/dags/weather_dag.py                              1           0  0.49s           2022-07-18T19:55:33
/opt/airflow/dags/taxis_trip_dag.py                           1           0  0.58s           2022-07-18T19:55:25
/opt/airflow/dags/schema_dag.py                               1           0  0.47s           2022-07-18T19:55:50
================================================================================
[2022-07-18 19:56:25,537] {manager.py:809} INFO - 
================================================================================
DAG File Processing Stats

File Path                            PID    Runtime      # DAGs    # Errors  Last Runtime    Last Run
-----------------------------------  -----  ---------  --------  ----------  --------------  -------------------
/opt/airflow/dags/weather_dag.py                              1           0  0.41s           2022-07-18T19:56:04
/opt/airflow/dags/taxis_trip_dag.py                           1           0  0.35s           2022-07-18T19:55:56
/opt/airflow/dags/schema_dag.py                               1           0  0.50s           2022-07-18T19:56:20
================================================================================
[2022-07-18 19:56:55,864] {manager.py:809} INFO - 
================================================================================
DAG File Processing Stats

File Path                            PID    Runtime      # DAGs    # Errors  Last Runtime    Last Run
-----------------------------------  -----  ---------  --------  ----------  --------------  -------------------
/opt/airflow/dags/weather_dag.py                              1           0  0.61s           2022-07-18T19:56:35
/opt/airflow/dags/taxis_trip_dag.py                           1           0  0.72s           2022-07-18T19:56:27
/opt/airflow/dags/schema_dag.py                               1           0  0.54s           2022-07-18T19:56:51
================================================================================
[2022-07-18 19:57:26,476] {manager.py:809} INFO - 
================================================================================
DAG File Processing Stats

File Path                            PID    Runtime      # DAGs    # Errors  Last Runtime    Last Run
-----------------------------------  -----  ---------  --------  ----------  --------------  -------------------
/opt/airflow/dags/weather_dag.py                              1           0  0.55s           2022-07-18T19:57:06
/opt/airflow/dags/taxis_trip_dag.py                           1           0  0.51s           2022-07-18T19:56:57
/opt/airflow/dags/schema_dag.py                               1           0  0.47s           2022-07-18T19:57:22
================================================================================
[2022-07-18 19:57:40,074] {manager.py:690} INFO - Searching for files in /opt/airflow/dags
[2022-07-18 19:57:40,078] {manager.py:693} INFO - There are 3 files in /opt/airflow/dags
[2022-07-18 19:57:57,130] {manager.py:809} INFO - 
================================================================================
DAG File Processing Stats

File Path                            PID    Runtime      # DAGs    # Errors  Last Runtime    Last Run
-----------------------------------  -----  ---------  --------  ----------  --------------  -------------------
/opt/airflow/dags/weather_dag.py                              1           0  0.55s           2022-07-18T19:57:37
/opt/airflow/dags/taxis_trip_dag.py                           1           0  0.92s           2022-07-18T19:57:29
/opt/airflow/dags/schema_dag.py                               1           0  0.64s           2022-07-18T19:57:53
================================================================================
[2022-07-18 19:58:27,735] {manager.py:809} INFO - 
================================================================================
DAG File Processing Stats

File Path                            PID    Runtime      # DAGs    # Errors  Last Runtime    Last Run
-----------------------------------  -----  ---------  --------  ----------  --------------  -------------------
/opt/airflow/dags/weather_dag.py                              1           0  0.47s           2022-07-18T19:58:07
/opt/airflow/dags/taxis_trip_dag.py                           1           0  0.53s           2022-07-18T19:58:00
/opt/airflow/dags/schema_dag.py                               1           0  0.38s           2022-07-18T19:58:24
================================================================================
[2022-07-18 19:58:58,189] {manager.py:809} INFO - 
================================================================================
DAG File Processing Stats

File Path                            PID    Runtime      # DAGs    # Errors  Last Runtime    Last Run
-----------------------------------  -----  ---------  --------  ----------  --------------  -------------------
/opt/airflow/dags/weather_dag.py                              1           0  0.60s           2022-07-18T19:58:38
/opt/airflow/dags/taxis_trip_dag.py                           1           0  0.39s           2022-07-18T19:58:31
/opt/airflow/dags/schema_dag.py                               1           0  0.47s           2022-07-18T19:58:54
================================================================================
[2022-07-18 19:59:28,260] {manager.py:809} INFO - 
================================================================================
DAG File Processing Stats

File Path                            PID    Runtime      # DAGs    # Errors  Last Runtime    Last Run
-----------------------------------  -----  ---------  --------  ----------  --------------  -------------------
/opt/airflow/dags/weather_dag.py                              1           0  0.40s           2022-07-18T19:59:09
/opt/airflow/dags/taxis_trip_dag.py                           1           0  0.41s           2022-07-18T19:59:01
/opt/airflow/dags/schema_dag.py                               1           0  0.38s           2022-07-18T19:59:25
================================================================================
[2022-07-18 19:59:58,500] {manager.py:809} INFO - 
================================================================================
DAG File Processing Stats

File Path                            PID    Runtime      # DAGs    # Errors  Last Runtime    Last Run
-----------------------------------  -----  ---------  --------  ----------  --------------  -------------------
/opt/airflow/dags/weather_dag.py                              1           0  0.80s           2022-07-18T19:59:40
/opt/airflow/dags/taxis_trip_dag.py                           1           0  0.53s           2022-07-18T19:59:32
/opt/airflow/dags/schema_dag.py                               1           0  0.42s           2022-07-18T19:59:56
================================================================================
[2022-07-18 20:00:28,569] {manager.py:809} INFO - 
================================================================================
DAG File Processing Stats

File Path                            PID    Runtime      # DAGs    # Errors  Last Runtime    Last Run
-----------------------------------  -----  ---------  --------  ----------  --------------  -------------------
/opt/airflow/dags/weather_dag.py                              1           0  0.47s           2022-07-18T20:00:11
/opt/airflow/dags/taxis_trip_dag.py                           1           0  0.51s           2022-07-18T20:00:03
/opt/airflow/dags/schema_dag.py                               1           0  0.48s           2022-07-18T20:00:27
================================================================================
[2022-07-18 20:00:59,555] {manager.py:809} INFO - 
================================================================================
DAG File Processing Stats

File Path                            PID    Runtime      # DAGs    # Errors  Last Runtime    Last Run
-----------------------------------  -----  ---------  --------  ----------  --------------  -------------------
/opt/airflow/dags/weather_dag.py                              1           0  0.90s           2022-07-18T20:00:42
/opt/airflow/dags/taxis_trip_dag.py                           1           0  0.49s           2022-07-18T20:00:33
/opt/airflow/dags/schema_dag.py                               1           0  0.85s           2022-07-18T20:00:58
================================================================================
[2022-07-18 20:01:30,302] {manager.py:809} INFO - 
================================================================================
DAG File Processing Stats

File Path                            PID    Runtime      # DAGs    # Errors  Last Runtime    Last Run
-----------------------------------  -----  ---------  --------  ----------  --------------  -------------------
/opt/airflow/dags/weather_dag.py                              1           0  0.68s           2022-07-18T20:01:13
/opt/airflow/dags/taxis_trip_dag.py                           1           0  0.73s           2022-07-18T20:01:05
/opt/airflow/dags/schema_dag.py                               1           0  0.77s           2022-07-18T20:01:29
================================================================================
[2022-07-18 20:02:00,892] {manager.py:809} INFO - 
================================================================================
DAG File Processing Stats

File Path                            PID    Runtime      # DAGs    # Errors  Last Runtime    Last Run
-----------------------------------  -----  ---------  --------  ----------  --------------  -------------------
/opt/airflow/dags/weather_dag.py                              1           0  0.42s           2022-07-18T20:01:43
/opt/airflow/dags/taxis_trip_dag.py                           1           0  0.54s           2022-07-18T20:01:35
/opt/airflow/dags/schema_dag.py                               1           0  0.60s           2022-07-18T20:02:00
================================================================================
[2022-07-18 20:02:31,163] {manager.py:809} INFO - 
================================================================================
DAG File Processing Stats

File Path                            PID    Runtime      # DAGs    # Errors  Last Runtime    Last Run
-----------------------------------  -----  ---------  --------  ----------  --------------  -------------------
/opt/airflow/dags/weather_dag.py                              1           0  0.66s           2022-07-18T20:02:14
/opt/airflow/dags/taxis_trip_dag.py                           1           0  0.75s           2022-07-18T20:02:06
/opt/airflow/dags/schema_dag.py                               1           0  0.41s           2022-07-18T20:02:31
================================================================================
[2022-07-18 20:02:40,181] {manager.py:690} INFO - Searching for files in /opt/airflow/dags
[2022-07-18 20:02:40,184] {manager.py:693} INFO - There are 3 files in /opt/airflow/dags
[2022-07-18 20:03:01,471] {manager.py:809} INFO - 
================================================================================
DAG File Processing Stats

File Path                              PID  Runtime      # DAGs    # Errors  Last Runtime    Last Run
-----------------------------------  -----  ---------  --------  ----------  --------------  -------------------
/opt/airflow/dags/weather_dag.py                              1           0  0.48s           2022-07-18T20:02:45
/opt/airflow/dags/taxis_trip_dag.py                           1           0  0.64s           2022-07-18T20:02:37
/opt/airflow/dags/schema_dag.py       1944  0.00s             1           0  0.41s           2022-07-18T20:02:31
================================================================================
[2022-07-18 20:03:32,220] {manager.py:809} INFO - 
================================================================================
DAG File Processing Stats

File Path                              PID  Runtime      # DAGs    # Errors  Last Runtime    Last Run
-----------------------------------  -----  ---------  --------  ----------  --------------  -------------------
/opt/airflow/dags/weather_dag.py                              1           0  0.45s           2022-07-18T20:03:16
/opt/airflow/dags/taxis_trip_dag.py                           1           0  0.43s           2022-07-18T20:03:08
/opt/airflow/dags/schema_dag.py       1984  0.00s             1           0  0.46s           2022-07-18T20:03:01
================================================================================
[2022-07-18 20:04:02,329] {manager.py:809} INFO - 
================================================================================
DAG File Processing Stats

File Path                            PID    Runtime      # DAGs    # Errors  Last Runtime    Last Run
-----------------------------------  -----  ---------  --------  ----------  --------------  -------------------
/opt/airflow/dags/weather_dag.py                              1           0  0.53s           2022-07-18T20:03:47
/opt/airflow/dags/taxis_trip_dag.py                           1           0  0.82s           2022-07-18T20:03:39
/opt/airflow/dags/schema_dag.py                               1           0  0.52s           2022-07-18T20:03:32
================================================================================
[2022-07-18 20:04:32,410] {manager.py:809} INFO - 
================================================================================
DAG File Processing Stats

File Path                            PID    Runtime      # DAGs    # Errors  Last Runtime    Last Run
-----------------------------------  -----  ---------  --------  ----------  --------------  -------------------
/opt/airflow/dags/weather_dag.py                              1           0  0.35s           2022-07-18T20:04:17
/opt/airflow/dags/taxis_trip_dag.py                           1           0  0.38s           2022-07-18T20:04:09
/opt/airflow/dags/schema_dag.py                               1           0  0.65s           2022-07-18T20:04:03
================================================================================
[2022-07-18 20:05:02,416] {manager.py:809} INFO - 
================================================================================
DAG File Processing Stats

File Path                            PID    Runtime      # DAGs    # Errors  Last Runtime    Last Run
-----------------------------------  -----  ---------  --------  ----------  --------------  -------------------
/opt/airflow/dags/weather_dag.py                              1           0  0.57s           2022-07-18T20:04:48
/opt/airflow/dags/taxis_trip_dag.py                           1           0  0.76s           2022-07-18T20:04:40
/opt/airflow/dags/schema_dag.py                               1           0  0.38s           2022-07-18T20:04:34
================================================================================
[2022-07-18 20:05:32,428] {manager.py:809} INFO - 
================================================================================
DAG File Processing Stats

File Path                            PID    Runtime      # DAGs    # Errors  Last Runtime    Last Run
-----------------------------------  -----  ---------  --------  ----------  --------------  -------------------
/opt/airflow/dags/weather_dag.py                              1           0  0.53s           2022-07-18T20:05:19
/opt/airflow/dags/taxis_trip_dag.py                           1           0  0.34s           2022-07-18T20:05:11
/opt/airflow/dags/schema_dag.py                               1           0  0.38s           2022-07-18T20:05:05
================================================================================
[2022-07-18 20:06:02,889] {manager.py:809} INFO - 
================================================================================
DAG File Processing Stats

File Path                            PID    Runtime      # DAGs    # Errors  Last Runtime    Last Run
-----------------------------------  -----  ---------  --------  ----------  --------------  -------------------
/opt/airflow/dags/weather_dag.py                              1           0  0.51s           2022-07-18T20:05:50
/opt/airflow/dags/taxis_trip_dag.py                           1           0  0.39s           2022-07-18T20:05:41
/opt/airflow/dags/schema_dag.py                               1           0  0.32s           2022-07-18T20:05:35
================================================================================
[2022-07-18 20:06:04,822] {manager.py:462} INFO - Exiting gracefully upon receiving signal 15
